14-12-2022 21:03:35.779 [Gauge] [DEBUG] Created gauge_screenshots_dir at C:\Users\mmete\IdeaProjects\exampleBeymen\.gauge\screenshots
14-12-2022 21:03:35.783 [Gauge] [DEBUG] Plugin html-report is already installed.
14-12-2022 21:03:35.787 [Gauge] [DEBUG] Plugin java is already installed.
14-12-2022 21:03:35.787 [Gauge] [DEBUG] Parsing started.
14-12-2022 21:03:35.787 [Gauge] [DEBUG] Started concepts parsing.
14-12-2022 21:03:35.789 [Gauge] [DEBUG] 0 concepts parsing completed.
14-12-2022 21:03:35.789 [Gauge] [DEBUG] Started specifications parsing.
14-12-2022 21:03:35.789 [Gauge] [DEBUG] 1 specifications parsing completed.
14-12-2022 21:03:35.789 [Gauge] [DEBUG] Parsing completed.
14-12-2022 21:03:35.970 [java] [DEBUG] ***** Printing Properties/Env Values *****
14-12-2022 21:03:35.970 [java] [DEBUG] PATH: C:\Program Files\Common Files\Oracle\Java\javapath;C:\WINDOWS\system32;C:\WINDOWS;C:\WINDOWS\System32\Wbem;C:\WINDOWS\System32\WindowsPowerShell\v1.0\;C:\WINDOWS\System32\OpenSSH\;C:\Program Files\Git\cmd;C:\Program Files\Gauge\bin;C:\Users\mmete\AppData\Local\Microsoft\WindowsApps;;C:\Program Files\JetBrains\IntelliJ IDEA Community Edition 2022.2.3\bin;;C:\Users\mmete\AppData\Roaming\gauge\plugins\screenshot\0.1.0
14-12-2022 21:03:35.970 [java] [DEBUG] JAVA_HOME: 
14-12-2022 21:03:35.970 [java] [DEBUG] gauge_project_root: C:\Users\mmete\IdeaProjects\exampleBeymen
14-12-2022 21:03:35.970 [java] [DEBUG] gauge_parallel_streams_count: 12
14-12-2022 21:03:35.970 [java] [DEBUG] gauge_reports_dir: reports
14-12-2022 21:03:35.970 [java] [DEBUG] overwrite_reports: true
14-12-2022 21:03:35.970 [java] [DEBUG] logs_directory: logs
14-12-2022 21:03:35.970 [java] [DEBUG] enable_multithreading: 
14-12-2022 21:03:35.970 [java] [DEBUG] gauge_specs_dir: specs
14-12-2022 21:03:35.970 [java] [DEBUG] csv_delimiter: ,
14-12-2022 21:03:35.970 [java] [DEBUG] gauge_java_home: 
14-12-2022 21:03:35.970 [java] [DEBUG] gauge_custom_build_path: 
14-12-2022 21:03:35.970 [java] [DEBUG] gauge_additional_libs: libs/*
14-12-2022 21:03:35.970 [java] [DEBUG] gauge_jvm_args: 
14-12-2022 21:03:35.970 [java] [DEBUG] gauge_custom_compile_dir: 
14-12-2022 21:03:35.970 [java] [DEBUG] gauge_clear_state_level: scenario
14-12-2022 21:03:35.970 [java] [DEBUG] ***** END *****
14-12-2022 21:03:35.973 [java] [ERROR] exec: "mvn": executable file not found in %!P(MISSING)ATH%!(NOVERB)
14-12-2022 21:03:35.973 [java] [ERROR] Installed version of gauge-java (0.9.1) does not match with dependency gauge-java () specified in pom.xml file
14-12-2022 21:03:35.973 [java] [DEBUG] classpath set to C:\Program Files\Java\jdk-19!\java.base;C:\Program Files\Java\jdk-19!\java.compiler;C:\Program Files\Java\jdk-19!\java.datatransfer;C:\Program Files\Java\jdk-19!\java.desktop;C:\Program Files\Java\jdk-19!\java.instrument;C:\Program Files\Java\jdk-19!\java.logging;C:\Program Files\Java\jdk-19!\java.management;C:\Program Files\Java\jdk-19!\java.management.rmi;C:\Program Files\Java\jdk-19!\java.naming;C:\Program Files\Java\jdk-19!\java.net.http;C:\Program Files\Java\jdk-19!\java.prefs;C:\Program Files\Java\jdk-19!\java.rmi;C:\Program Files\Java\jdk-19!\java.scripting;C:\Program Files\Java\jdk-19!\java.se;C:\Program Files\Java\jdk-19!\java.security.jgss;C:\Program Files\Java\jdk-19!\java.security.sasl;C:\Program Files\Java\jdk-19!\java.smartcardio;C:\Program Files\Java\jdk-19!\java.sql;C:\Program Files\Java\jdk-19!\java.sql.rowset;C:\Program Files\Java\jdk-19!\java.transaction.xa;C:\Program Files\Java\jdk-19!\java.xml;C:\Program Files\Java\jdk-19!\java.xml.crypto;C:\Program Files\Java\jdk-19!\jdk.accessibility;C:\Program Files\Java\jdk-19!\jdk.attach;C:\Program Files\Java\jdk-19!\jdk.charsets;C:\Program Files\Java\jdk-19!\jdk.compiler;C:\Program Files\Java\jdk-19!\jdk.crypto.cryptoki;C:\Program Files\Java\jdk-19!\jdk.crypto.ec;C:\Program Files\Java\jdk-19!\jdk.crypto.mscapi;C:\Program Files\Java\jdk-19!\jdk.dynalink;C:\Program Files\Java\jdk-19!\jdk.editpad;C:\Program Files\Java\jdk-19!\jdk.hotspot.agent;C:\Program Files\Java\jdk-19!\jdk.httpserver;C:\Program Files\Java\jdk-19!\jdk.incubator.concurrent;C:\Program Files\Java\jdk-19!\jdk.incubator.vector;C:\Program Files\Java\jdk-19!\jdk.internal.ed;C:\Program Files\Java\jdk-19!\jdk.internal.jvmstat;C:\Program Files\Java\jdk-19!\jdk.internal.le;C:\Program Files\Java\jdk-19!\jdk.internal.opt;C:\Program Files\Java\jdk-19!\jdk.internal.vm.ci;C:\Program Files\Java\jdk-19!\jdk.internal.vm.compiler;C:\Program Files\Java\jdk-19!\jdk.internal.vm.compiler.management;C:\Program Files\Java\jdk-19!\jdk.jartool;C:\Program Files\Java\jdk-19!\jdk.javadoc;C:\Program Files\Java\jdk-19!\jdk.jcmd;C:\Program Files\Java\jdk-19!\jdk.jconsole;C:\Program Files\Java\jdk-19!\jdk.jdeps;C:\Program Files\Java\jdk-19!\jdk.jdi;C:\Program Files\Java\jdk-19!\jdk.jdwp.agent;C:\Program Files\Java\jdk-19!\jdk.jfr;C:\Program Files\Java\jdk-19!\jdk.jlink;C:\Program Files\Java\jdk-19!\jdk.jpackage;C:\Program Files\Java\jdk-19!\jdk.jshell;C:\Program Files\Java\jdk-19!\jdk.jsobject;C:\Program Files\Java\jdk-19!\jdk.jstatd;C:\Program Files\Java\jdk-19!\jdk.localedata;C:\Program Files\Java\jdk-19!\jdk.management;C:\Program Files\Java\jdk-19!\jdk.management.agent;C:\Program Files\Java\jdk-19!\jdk.management.jfr;C:\Program Files\Java\jdk-19!\jdk.naming.dns;C:\Program Files\Java\jdk-19!\jdk.naming.rmi;C:\Program Files\Java\jdk-19!\jdk.net;C:\Program Files\Java\jdk-19!\jdk.nio.mapmode;C:\Program Files\Java\jdk-19!\jdk.random;C:\Program Files\Java\jdk-19!\jdk.sctp;C:\Program Files\Java\jdk-19!\jdk.security.auth;C:\Program Files\Java\jdk-19!\jdk.security.jgss;C:\Program Files\Java\jdk-19!\jdk.unsupported;C:\Program Files\Java\jdk-19!\jdk.unsupported.desktop;C:\Program Files\Java\jdk-19!\jdk.xml.dom;C:\Program Files\Java\jdk-19!\jdk.zipfs;C:\Users\mmete\IdeaProjects\exampleBeymen\target\test-classes;C:\Users\mmete\.m2\repository\com\thoughtworks\gauge\gauge-java\0.9.1\gauge-java-0.9.1.jar;C:\Users\mmete\.m2\repository\org\assertj\assertj-core\3.22.0\assertj-core-3.22.0.jar;C:\Users\mmete\.m2\repository\org\reflections\reflections\0.10.2\reflections-0.10.2.jar;C:\Users\mmete\.m2\repository\org\javassist\javassist\3.28.0-GA\javassist-3.28.0-GA.jar;C:\Users\mmete\.m2\repository\com\google\code\findbugs\jsr305\3.0.2\jsr305-3.0.2.jar;C:\Users\mmete\.m2\repository\com\github\javaparser\javaparser-core\3.16.3\javaparser-core-3.16.3.jar;C:\Users\mmete\.m2\repository\commons-io\commons-io\2.11.0\commons-io-2.11.0.jar;C:\Users\mmete\.m2\repository\commons-lang\commons-lang\2.6\commons-lang-2.6.jar;C:\Users\mmete\.m2\repository\org\json\json\20220320\json-20220320.jar;C:\Users\mmete\.m2\repository\com\google\protobuf\protobuf-java\3.19.4\protobuf-java-3.19.4.jar;C:\Users\mmete\.m2\repository\com\google\guava\guava\31.0.1-jre\guava-31.0.1-jre.jar;C:\Users\mmete\.m2\repository\com\google\guava\failureaccess\1.0.1\failureaccess-1.0.1.jar;C:\Users\mmete\.m2\repository\com\google\guava\listenablefuture\9999.0-empty-to-avoid-conflict-with-guava\listenablefuture-9999.0-empty-to-avoid-conflict-with-guava.jar;C:\Users\mmete\.m2\repository\org\checkerframework\checker-qual\3.12.0\checker-qual-3.12.0.jar;C:\Users\mmete\.m2\repository\com\google\errorprone\error_prone_annotations\2.7.1\error_prone_annotations-2.7.1.jar;C:\Users\mmete\.m2\repository\com\google\j2objc\j2objc-annotations\1.3\j2objc-annotations-1.3.jar;C:\Users\mmete\.m2\repository\io\grpc\grpc-netty-shaded\1.41.2\grpc-netty-shaded-1.41.2.jar;C:\Users\mmete\.m2\repository\io\perfmark\perfmark-api\0.23.0\perfmark-api-0.23.0.jar;C:\Users\mmete\.m2\repository\io\grpc\grpc-core\1.41.2\grpc-core-1.41.2.jar;C:\Users\mmete\.m2\repository\com\google\android\annotations\4.1.1.4\annotations-4.1.1.4.jar;C:\Users\mmete\.m2\repository\org\codehaus\mojo\animal-sniffer-annotations\1.19\animal-sniffer-annotations-1.19.jar;C:\Users\mmete\.m2\repository\io\grpc\grpc-protobuf\1.41.2\grpc-protobuf-1.41.2.jar;C:\Users\mmete\.m2\repository\io\grpc\grpc-api\1.41.2\grpc-api-1.41.2.jar;C:\Users\mmete\.m2\repository\io\grpc\grpc-context\1.41.2\grpc-context-1.41.2.jar;C:\Users\mmete\.m2\repository\com\google\api\grpc\proto-google-common-protos\2.0.1\proto-google-common-protos-2.0.1.jar;C:\Users\mmete\.m2\repository\io\grpc\grpc-protobuf-lite\1.41.2\grpc-protobuf-lite-1.41.2.jar;C:\Users\mmete\.m2\repository\io\grpc\grpc-stub\1.41.2\grpc-stub-1.41.2.jar;C:\Users\mmete\.m2\repository\javax\annotation\javax.annotation-api\1.3.2\javax.annotation-api-1.3.2.jar;C:\Users\mmete\.m2\repository\org\seleniumhq\selenium\selenium-java\4.7.1\selenium-java-4.7.1.jar;C:\Users\mmete\.m2\repository\org\seleniumhq\selenium\selenium-api\4.7.1\selenium-api-4.7.1.jar;C:\Users\mmete\.m2\repository\org\seleniumhq\selenium\selenium-chrome-driver\4.7.1\selenium-chrome-driver-4.7.1.jar;C:\Users\mmete\.m2\repository\com\google\auto\service\auto-service-annotations\1.0.1\auto-service-annotations-1.0.1.jar;C:\Users\mmete\.m2\repository\com\google\auto\service\auto-service\1.0.1\auto-service-1.0.1.jar;C:\Users\mmete\.m2\repository\com\google\auto\auto-common\1.2\auto-common-1.2.jar;C:\Users\mmete\.m2\repository\org\seleniumhq\selenium\selenium-chromium-driver\4.7.1\selenium-chromium-driver-4.7.1.jar;C:\Users\mmete\.m2\repository\org\seleniumhq\selenium\selenium-json\4.7.1\selenium-json-4.7.1.jar;C:\Users\mmete\.m2\repository\org\seleniumhq\selenium\selenium-devtools-v106\4.7.1\selenium-devtools-v106-4.7.1.jar;C:\Users\mmete\.m2\repository\org\seleniumhq\selenium\selenium-devtools-v107\4.7.1\selenium-devtools-v107-4.7.1.jar;C:\Users\mmete\.m2\repository\org\seleniumhq\selenium\selenium-devtools-v108\4.7.1\selenium-devtools-v108-4.7.1.jar;C:\Users\mmete\.m2\repository\org\seleniumhq\selenium\selenium-devtools-v85\4.7.1\selenium-devtools-v85-4.7.1.jar;C:\Users\mmete\.m2\repository\org\seleniumhq\selenium\selenium-edge-driver\4.7.1\selenium-edge-driver-4.7.1.jar;C:\Users\mmete\.m2\repository\org\seleniumhq\selenium\selenium-firefox-driver\4.7.1\selenium-firefox-driver-4.7.1.jar;C:\Users\mmete\.m2\repository\org\seleniumhq\selenium\selenium-http\4.7.1\selenium-http-4.7.1.jar;C:\Users\mmete\.m2\repository\dev\failsafe\failsafe\3.3.0\failsafe-3.3.0.jar;C:\Users\mmete\.m2\repository\org\seleniumhq\selenium\selenium-ie-driver\4.7.1\selenium-ie-driver-4.7.1.jar;C:\Users\mmete\.m2\repository\org\seleniumhq\selenium\selenium-remote-driver\4.7.1\selenium-remote-driver-4.7.1.jar;C:\Users\mmete\.m2\repository\io\netty\netty-buffer\4.1.84.Final\netty-buffer-4.1.84.Final.jar;C:\Users\mmete\.m2\repository\io\netty\netty-codec-http\4.1.84.Final\netty-codec-http-4.1.84.Final.jar;C:\Users\mmete\.m2\repository\io\netty\netty-codec\4.1.84.Final\netty-codec-4.1.84.Final.jar;C:\Users\mmete\.m2\repository\io\netty\netty-handler\4.1.84.Final\netty-handler-4.1.84.Final.jar;C:\Users\mmete\.m2\repository\io\netty\netty-common\4.1.84.Final\netty-common-4.1.84.Final.jar;C:\Users\mmete\.m2\repository\io\netty\netty-transport-classes-epoll\4.1.84.Final\netty-transport-classes-epoll-4.1.84.Final.jar;C:\Users\mmete\.m2\repository\io\netty\netty-transport-classes-kqueue\4.1.84.Final\netty-transport-classes-kqueue-4.1.84.Final.jar;C:\Users\mmete\.m2\repository\io\netty\netty-transport-native-epoll\4.1.84.Final\netty-transport-native-epoll-4.1.84.Final.jar;C:\Users\mmete\.m2\repository\io\netty\netty-transport-native-kqueue\4.1.84.Final\netty-transport-native-kqueue-4.1.84.Final.jar;C:\Users\mmete\.m2\repository\io\netty\netty-transport-native-unix-common\4.1.84.Final\netty-transport-native-unix-common-4.1.84.Final.jar;C:\Users\mmete\.m2\repository\io\netty\netty-transport\4.1.84.Final\netty-transport-4.1.84.Final.jar;C:\Users\mmete\.m2\repository\io\netty\netty-resolver\4.1.84.Final\netty-resolver-4.1.84.Final.jar;C:\Users\mmete\.m2\repository\io\opentelemetry\opentelemetry-api\1.19.0\opentelemetry-api-1.19.0.jar;C:\Users\mmete\.m2\repository\io\opentelemetry\opentelemetry-context\1.19.0\opentelemetry-context-1.19.0.jar;C:\Users\mmete\.m2\repository\io\opentelemetry\opentelemetry-exporter-logging\1.19.0\opentelemetry-exporter-logging-1.19.0.jar;C:\Users\mmete\.m2\repository\io\opentelemetry\opentelemetry-sdk-metrics\1.19.0\opentelemetry-sdk-metrics-1.19.0.jar;C:\Users\mmete\.m2\repository\io\opentelemetry\opentelemetry-sdk-logs\1.19.0-alpha\opentelemetry-sdk-logs-1.19.0-alpha.jar;C:\Users\mmete\.m2\repository\io\opentelemetry\opentelemetry-api-logs\1.19.0-alpha\opentelemetry-api-logs-1.19.0-alpha.jar;C:\Users\mmete\.m2\repository\io\opentelemetry\opentelemetry-sdk-common\1.19.0\opentelemetry-sdk-common-1.19.0.jar;C:\Users\mmete\.m2\repository\io\opentelemetry\opentelemetry-sdk-extension-autoconfigure-spi\1.19.0\opentelemetry-sdk-extension-autoconfigure-spi-1.19.0.jar;C:\Users\mmete\.m2\repository\io\opentelemetry\opentelemetry-sdk-extension-autoconfigure\1.19.0-alpha\opentelemetry-sdk-extension-autoconfigure-1.19.0-alpha.jar;C:\Users\mmete\.m2\repository\io\opentelemetry\opentelemetry-exporter-common\1.19.0\opentelemetry-exporter-common-1.19.0.jar;C:\Users\mmete\.m2\repository\io\opentelemetry\opentelemetry-sdk-trace\1.19.0\opentelemetry-sdk-trace-1.19.0.jar;C:\Users\mmete\.m2\repository\io\opentelemetry\opentelemetry-sdk\1.19.0\opentelemetry-sdk-1.19.0.jar;C:\Users\mmete\.m2\repository\io\opentelemetry\opentelemetry-semconv\1.19.0-alpha\opentelemetry-semconv-1.19.0-alpha.jar;C:\Users\mmete\.m2\repository\io\ous\jtoml\2.0.0\jtoml-2.0.0.jar;C:\Users\mmete\.m2\repository\net\bytebuddy\byte-buddy\1.12.18\byte-buddy-1.12.18.jar;C:\Users\mmete\.m2\repository\org\apache\commons\commons-exec\1.3\commons-exec-1.3.jar;C:\Users\mmete\.m2\repository\org\asynchttpclient\async-http-client\2.12.3\async-http-client-2.12.3.jar;C:\Users\mmete\.m2\repository\org\asynchttpclient\async-http-client-netty-utils\2.12.3\async-http-client-netty-utils-2.12.3.jar;C:\Users\mmete\.m2\repository\io\netty\netty-codec-socks\4.1.60.Final\netty-codec-socks-4.1.60.Final.jar;C:\Users\mmete\.m2\repository\io\netty\netty-handler-proxy\4.1.60.Final\netty-handler-proxy-4.1.60.Final.jar;C:\Users\mmete\.m2\repository\io\netty\netty-transport-native-epoll\4.1.60.Final\netty-transport-native-epoll-4.1.60.Final-linux-x86_64.jar;C:\Users\mmete\.m2\repository\io\netty\netty-transport-native-kqueue\4.1.60.Final\netty-transport-native-kqueue-4.1.60.Final-osx-x86_64.jar;C:\Users\mmete\.m2\repository\org\reactivestreams\reactive-streams\1.0.3\reactive-streams-1.0.3.jar;C:\Users\mmete\.m2\repository\com\typesafe\netty\netty-reactive-streams\2.0.4\netty-reactive-streams-2.0.4.jar;C:\Users\mmete\.m2\repository\com\sun\activation\jakarta.activation\1.2.2\jakarta.activation-1.2.2.jar;C:\Users\mmete\.m2\repository\org\seleniumhq\selenium\selenium-manager\4.7.1\selenium-manager-4.7.1.jar;C:\Users\mmete\.m2\repository\org\seleniumhq\selenium\selenium-safari-driver\4.7.1\selenium-safari-driver-4.7.1.jar;C:\Users\mmete\.m2\repository\org\seleniumhq\selenium\selenium-support\4.7.1\selenium-support-4.7.1.jar;C:\Users\mmete\.m2\repository\io\github\bonigarcia\webdrivermanager\5.3.1\webdrivermanager-5.3.1.jar;C:\Users\mmete\.m2\repository\org\slf4j\slf4j-api\2.0.3\slf4j-api-2.0.3.jar;C:\Users\mmete\.m2\repository\com\google\code\gson\gson\2.10\gson-2.10.jar;C:\Users\mmete\.m2\repository\com\github\docker-java\docker-java\3.2.13\docker-java-3.2.13.jar;C:\Users\mmete\.m2\repository\com\github\docker-java\docker-java-core\3.2.13\docker-java-core-3.2.13.jar;C:\Users\mmete\.m2\repository\com\github\docker-java\docker-java-api\3.2.13\docker-java-api-3.2.13.jar;C:\Users\mmete\.m2\repository\com\fasterxml\jackson\core\jackson-annotations\2.10.3\jackson-annotations-2.10.3.jar;C:\Users\mmete\.m2\repository\org\apache\commons\commons-compress\1.21\commons-compress-1.21.jar;C:\Users\mmete\.m2\repository\com\fasterxml\jackson\core\jackson-databind\2.10.3\jackson-databind-2.10.3.jar;C:\Users\mmete\.m2\repository\com\fasterxml\jackson\core\jackson-core\2.10.3\jackson-core-2.10.3.jar;C:\Users\mmete\.m2\repository\org\bouncycastle\bcpkix-jdk15on\1.64\bcpkix-jdk15on-1.64.jar;C:\Users\mmete\.m2\repository\org\bouncycastle\bcprov-jdk15on\1.64\bcprov-jdk15on-1.64.jar;C:\Users\mmete\.m2\repository\org\slf4j\jcl-over-slf4j\1.7.30\jcl-over-slf4j-1.7.30.jar;C:\Users\mmete\.m2\repository\com\github\docker-java\docker-java-transport-httpclient5\3.2.13\docker-java-transport-httpclient5-3.2.13.jar;C:\Users\mmete\.m2\repository\com\github\docker-java\docker-java-transport\3.2.13\docker-java-transport-3.2.13.jar;C:\Users\mmete\.m2\repository\net\java\dev\jna\jna\5.8.0\jna-5.8.0.jar;C:\Users\mmete\.m2\repository\org\brotli\dec\0.1.2\dec-0.1.2.jar;C:\Users\mmete\.m2\repository\org\apache\commons\commons-lang3\3.12.0\commons-lang3-3.12.0.jar;C:\Users\mmete\.m2\repository\org\apache\httpcomponents\client5\httpclient5\5.1.3\httpclient5-5.1.3.jar;C:\Users\mmete\.m2\repository\org\apache\httpcomponents\core5\httpcore5\5.1.3\httpcore5-5.1.3.jar;C:\Users\mmete\.m2\repository\org\apache\httpcomponents\core5\httpcore5-h2\5.1.3\httpcore5-h2-5.1.3.jar;C:\Users\mmete\.m2\repository\commons-codec\commons-codec\1.15\commons-codec-1.15.jar;C:\Users\mmete\.m2\repository\org\testng\testng\7.7.0\testng-7.7.0.jar;C:\Users\mmete\.m2\repository\com\beust\jcommander\1.82\jcommander-1.82.jar;C:\Users\mmete\.m2\repository\org\webjars\jquery\3.6.1\jquery-3.6.1.jar
14-12-2022 21:03:35.974 [java] [DEBUG] found java executable in java.exe
14-12-2022 21:03:35.974 [java] [DEBUG] running - java.exe [-Dfile.encoding=UTF-8 com.thoughtworks.gauge.GaugeRuntime --start]
14-12-2022 21:03:35.974 [java] [DEBUG] stdout/stderr is logged to logs\8068-java.exe.out
14-12-2022 21:03:36.133 [java] [DEBUG] multithreading is set to false
14-12-2022 21:03:36.339 [java] [DEBUG] Using reflection to scan dependencies for gauge implementations...
14-12-2022 21:03:36.398 [java] [ERROR] SLF4J: No SLF4J providers were found.
14-12-2022 21:03:36.398 [java] [ERROR] SLF4J: Defaulting to no-operation (NOP) logger implementation
14-12-2022 21:03:36.398 [java] [ERROR] SLF4J: See https://www.slf4j.org/codes.html#noProviders for further details.
14-12-2022 21:03:36.655 [Gauge] [DEBUG] Checking updates...
14-12-2022 21:03:36.656 [Gauge] [DEBUG] Downloading https://downloads.gauge.org/plugin/html-report?l=java&p=html-report,java,screenshot,spectacle&o=windows&a=amd64
14-12-2022 21:03:37.027 [java] [DEBUG] gauge-java took 894milliseconds to load and scan. This should be less than 'runner_connection_timeout' config value.
14-12-2022 21:03:37.027 [java] [DEBUG] run 'gauge config runner_connection_timeout' and verify that it is < 894
14-12-2022 21:03:37.027 [java] [DEBUG] starting gRPC server...
14-12-2022 21:03:37.113 [java] [DEBUG] started gRPC server on port 51029
14-12-2022 21:03:37.113 [Gauge] [DEBUG] Attempting to connect to grpc server at port: 51029
14-12-2022 21:03:37.146 [Gauge] [DEBUG] Downloading https://downloads.gauge.org/plugin/java?l=java&p=html-report,java,screenshot,spectacle&o=windows&a=amd64
14-12-2022 21:03:37.186 [Gauge] [DEBUG] Successfully made the connection with runner with port: 51029
14-12-2022 21:03:37.186 [Gauge] [DEBUG] Validation started.
14-12-2022 21:03:37.255 [Gauge] [DEBUG] Downloading https://downloads.gauge.org/plugin/screenshot?l=java&p=html-report,java,screenshot,spectacle&o=windows&a=amd64
14-12-2022 21:03:37.351 [Gauge] [DEBUG] Downloading https://downloads.gauge.org/plugin/spectacle?l=java&p=html-report,java,screenshot,spectacle&o=windows&a=amd64
14-12-2022 21:03:37.661 [java] [DEBUG] Scanning packages for steps
14-12-2022 21:03:37.666 [java] [DEBUG] Comparing 'StepImp.StepImplementation.implementation10' and 'StepImp.StepImplementation.implementation10'
14-12-2022 21:03:37.666 [java] [DEBUG] Found Product is selected in current project scope.
14-12-2022 21:03:37.666 [java] [DEBUG] Comparing 'StepImp.StepImplementation.implementation11' and 'StepImp.StepImplementation.implementation11'
14-12-2022 21:03:37.666 [java] [DEBUG] Found Add to cart text is checked in current project scope.
14-12-2022 21:03:37.666 [java] [DEBUG] Comparing 'StepImp.StepImplementation.implementation2' and 'StepImp.StepImplementation.implementation2'
14-12-2022 21:03:37.666 [java] [DEBUG] Found Navigate to Beymen in current project scope.
14-12-2022 21:03:37.666 [java] [DEBUG] Comparing 'StepImp.StepImplementation.implementation12' and 'StepImp.StepImplementation.implementation12'
14-12-2022 21:03:37.667 [java] [DEBUG] Found Click on favorites in current project scope.
14-12-2022 21:03:37.667 [java] [DEBUG] Comparing 'StepImp.StepImplementation.implementation1' and 'StepImp.StepImplementation.implementation1'
14-12-2022 21:03:37.667 [java] [DEBUG] Found Navigate to Browser in current project scope.
14-12-2022 21:03:37.667 [java] [DEBUG] Comparing 'StepImp.StepImplementation.implementation13' and 'StepImp.StepImplementation.implementation13'
14-12-2022 21:03:37.667 [java] [DEBUG] Found It is checked that the user login screen appears. in current project scope.
14-12-2022 21:03:37.667 [java] [DEBUG] Comparing 'StepImp.StepImplementation.implementation8' and 'StepImp.StepImplementation.implementation8'
14-12-2022 21:03:37.667 [java] [DEBUG] Found Pants are selected in current project scope.
14-12-2022 21:03:37.667 [java] [DEBUG] Comparing 'StepImp.StepImplementation.implementation7' and 'StepImp.StepImplementation.implementation7'
14-12-2022 21:03:37.667 [java] [DEBUG] Found Click on the product type in current project scope.
14-12-2022 21:03:37.667 [java] [DEBUG] Comparing 'StepImp.StepImplementation.implementation9' and 'StepImp.StepImplementation.implementation9'
14-12-2022 21:03:37.667 [java] [DEBUG] Found Products are listed in current project scope.
14-12-2022 21:03:37.667 [java] [DEBUG] Comparing 'StepImp.StepImplementation.implementation4' and 'StepImp.StepImplementation.implementation4'
14-12-2022 21:03:37.667 [java] [DEBUG] Found Click the search button in current project scope.
14-12-2022 21:03:37.667 [java] [DEBUG] Comparing 'StepImp.StepImplementation.implementation6' and 'StepImp.StepImplementation.implementation6'
14-12-2022 21:03:37.667 [java] [DEBUG] Found Click on the Filter button in current project scope.
14-12-2022 21:03:37.667 [java] [DEBUG] Comparing 'StepImp.StepImplementation.implementation5' and 'StepImp.StepImplementation.implementation5'
14-12-2022 21:03:37.667 [java] [DEBUG] Found Type pantolon in the search button and enter in current project scope.
14-12-2022 21:03:37.667 [java] [DEBUG] Scanning packages for hooks
14-12-2022 21:03:37.669 [java] [DEBUG] Scanned steps (using static parsing + reflections): 
14-12-2022 21:03:37.670 [java] [DEBUG] 	Click on favorites : public void implementation12()
14-12-2022 21:03:37.670 [java] [DEBUG] 	Navigate to Browser : public void implementation1()
14-12-2022 21:03:37.670 [java] [DEBUG] 	Click on the product type : public void implementation7()
14-12-2022 21:03:37.670 [java] [DEBUG] 	Pants are selected : public void implementation8()
14-12-2022 21:03:37.670 [java] [DEBUG] 	It is checked that the user login screen appears. : public void implementation13()
14-12-2022 21:03:37.670 [java] [DEBUG] 	Navigate to Beymen : public void implementation2()
14-12-2022 21:03:37.670 [java] [DEBUG] 	Type pantolon in the search button and enter : public void implementation5()
14-12-2022 21:03:37.670 [java] [DEBUG] 	Product is selected : public void implementation10()
14-12-2022 21:03:37.670 [java] [DEBUG] 	Add to cart text is checked : public void implementation11()
14-12-2022 21:03:37.670 [java] [DEBUG] 	Click the search button : public void implementation4() throws InterruptedException
14-12-2022 21:03:37.670 [java] [DEBUG] 	Click on the Filter button : public void implementation6()
14-12-2022 21:03:37.670 [java] [DEBUG] 	Products are listed : public void implementation9()
14-12-2022 21:03:38.104 [Gauge] [DEBUG] Validation completed.
14-12-2022 21:03:38.104 [Gauge] [DEBUG] Run started
14-12-2022 21:03:38.105 [Gauge] [DEBUG] Starting Html Report plugin
14-12-2022 21:03:38.359 [html-report] [DEBUG] Setting MaxRecvMsgSize = 1024 MB
14-12-2022 21:03:38.359 [Gauge] [DEBUG] Attempting to connect to grpc server at port: 51033
14-12-2022 21:03:38.360 [Gauge] [DEBUG] Successfully made the connection with plugin with port: 51033
14-12-2022 21:03:38.360 [Gauge] [DEBUG] Initialising suite data store.
14-12-2022 21:03:38.381 [java] [DEBUG] Executing 'Navigate to Browser' using 'class StepImp.StepImplementation.implementation1
14-12-2022 21:03:39.598 [java] [ERROR] Starting ChromeDriver 108.0.5359.71 (1e0e3868ee06e91ad636a874420e3ca3ae3756ac-refs/branch-heads/5359@{#1016}) on port 44453
14-12-2022 21:03:39.598 [java] [ERROR] Only local connections are allowed.
14-12-2022 21:03:39.598 [java] [ERROR] Please see https://chromedriver.chromium.org/security-considerations for suggestions on keeping ChromeDriver safe.
14-12-2022 21:03:39.636 [java] [ERROR] ChromeDriver was started successfully.
14-12-2022 21:03:40.497 [java] [DEBUG] Executing 'Navigate to Beymen' using 'class StepImp.StepImplementation.implementation2
14-12-2022 21:03:41.772 [java] [DEBUG] Executing 'Click the search button' using 'class StepImp.StepImplementation.implementation4
14-12-2022 21:03:43.333 [html-report] [DEBUG] Transformed SuiteResult to report structure
14-12-2022 21:03:43.616 [html-report] [INFO] Successfully generated html-report to => C:\Users\mmete\IdeaProjects\exampleBeymen\reports\html-report\index.html
14-12-2022 21:03:43.616 [html-report] [DEBUG] Done generating HTML report using theme from C:\Users\mmete\AppData\Roaming\gauge\plugins\html-report\4.2.0\themes\default
14-12-2022 21:03:43.616 [Gauge] [DEBUG] Sending kill message to Html Report plugin.
14-12-2022 21:03:43.618 [java] [DEBUG] Killing Java runner...
14-12-2022 21:03:43.619 [java] [DEBUG] Stopping execution pool...
14-12-2022 21:03:43.619 [java] [DEBUG] Shutting down grpc server...
14-12-2022 21:03:43.629 [java] [DEBUG] Runner killed gracefully.
14-12-2022 21:03:44.383 [Gauge] [DEBUG] Runner with PID:8068 has exited
14-12-2022 21:03:44.383 [Gauge] [INFO] Specifications:	1 executed	0 passed	1 failed	0 skipped
14-12-2022 21:03:44.383 [Gauge] [INFO] Scenarios:	1 executed	0 passed	1 failed	0 skipped
14-12-2022 21:03:44.383 [Gauge] [INFO] 
Total time taken: 5.228s
14-12-2022 21:06:02.851 [Gauge] [DEBUG] Created gauge_screenshots_dir at C:\Users\mmete\IdeaProjects\exampleBeymen\.gauge\screenshots
14-12-2022 21:06:02.852 [Gauge] [DEBUG] Plugin java is already installed.
14-12-2022 21:06:02.853 [Gauge] [DEBUG] Plugin html-report is already installed.
14-12-2022 21:06:02.853 [Gauge] [DEBUG] Parsing started.
14-12-2022 21:06:02.853 [Gauge] [DEBUG] Started concepts parsing.
14-12-2022 21:06:02.855 [Gauge] [DEBUG] 0 concepts parsing completed.
14-12-2022 21:06:02.855 [Gauge] [DEBUG] Started specifications parsing.
14-12-2022 21:06:02.856 [Gauge] [DEBUG] 1 specifications parsing completed.
14-12-2022 21:06:02.856 [Gauge] [DEBUG] Parsing completed.
14-12-2022 21:06:02.867 [java] [DEBUG] ***** Printing Properties/Env Values *****
14-12-2022 21:06:02.867 [java] [DEBUG] PATH: C:\Program Files\Common Files\Oracle\Java\javapath;C:\WINDOWS\system32;C:\WINDOWS;C:\WINDOWS\System32\Wbem;C:\WINDOWS\System32\WindowsPowerShell\v1.0\;C:\WINDOWS\System32\OpenSSH\;C:\Program Files\Git\cmd;C:\Program Files\Gauge\bin;C:\Users\mmete\AppData\Local\Microsoft\WindowsApps;;C:\Program Files\JetBrains\IntelliJ IDEA Community Edition 2022.2.3\bin;;C:\Users\mmete\AppData\Roaming\gauge\plugins\screenshot\0.1.0
14-12-2022 21:06:02.867 [java] [DEBUG] JAVA_HOME: 
14-12-2022 21:06:02.867 [java] [DEBUG] gauge_project_root: C:\Users\mmete\IdeaProjects\exampleBeymen
14-12-2022 21:06:02.867 [java] [DEBUG] gauge_parallel_streams_count: 12
14-12-2022 21:06:02.867 [java] [DEBUG] gauge_reports_dir: reports
14-12-2022 21:06:02.867 [java] [DEBUG] overwrite_reports: true
14-12-2022 21:06:02.867 [java] [DEBUG] logs_directory: logs
14-12-2022 21:06:02.867 [java] [DEBUG] enable_multithreading: 
14-12-2022 21:06:02.867 [java] [DEBUG] gauge_specs_dir: specs
14-12-2022 21:06:02.867 [java] [DEBUG] csv_delimiter: ,
14-12-2022 21:06:02.867 [java] [DEBUG] gauge_java_home: 
14-12-2022 21:06:02.867 [java] [DEBUG] gauge_custom_build_path: 
14-12-2022 21:06:02.867 [java] [DEBUG] gauge_additional_libs: libs/*
14-12-2022 21:06:02.867 [java] [DEBUG] gauge_jvm_args: 
14-12-2022 21:06:02.867 [java] [DEBUG] gauge_custom_compile_dir: 
14-12-2022 21:06:02.867 [java] [DEBUG] gauge_clear_state_level: scenario
14-12-2022 21:06:02.867 [java] [DEBUG] ***** END *****
14-12-2022 21:06:02.870 [java] [ERROR] exec: "mvn": executable file not found in %!P(MISSING)ATH%!(NOVERB)
14-12-2022 21:06:02.870 [java] [ERROR] Installed version of gauge-java (0.9.1) does not match with dependency gauge-java () specified in pom.xml file
14-12-2022 21:06:02.871 [java] [DEBUG] classpath set to C:\Program Files\Java\jdk-19!\java.base;C:\Program Files\Java\jdk-19!\java.compiler;C:\Program Files\Java\jdk-19!\java.datatransfer;C:\Program Files\Java\jdk-19!\java.desktop;C:\Program Files\Java\jdk-19!\java.instrument;C:\Program Files\Java\jdk-19!\java.logging;C:\Program Files\Java\jdk-19!\java.management;C:\Program Files\Java\jdk-19!\java.management.rmi;C:\Program Files\Java\jdk-19!\java.naming;C:\Program Files\Java\jdk-19!\java.net.http;C:\Program Files\Java\jdk-19!\java.prefs;C:\Program Files\Java\jdk-19!\java.rmi;C:\Program Files\Java\jdk-19!\java.scripting;C:\Program Files\Java\jdk-19!\java.se;C:\Program Files\Java\jdk-19!\java.security.jgss;C:\Program Files\Java\jdk-19!\java.security.sasl;C:\Program Files\Java\jdk-19!\java.smartcardio;C:\Program Files\Java\jdk-19!\java.sql;C:\Program Files\Java\jdk-19!\java.sql.rowset;C:\Program Files\Java\jdk-19!\java.transaction.xa;C:\Program Files\Java\jdk-19!\java.xml;C:\Program Files\Java\jdk-19!\java.xml.crypto;C:\Program Files\Java\jdk-19!\jdk.accessibility;C:\Program Files\Java\jdk-19!\jdk.attach;C:\Program Files\Java\jdk-19!\jdk.charsets;C:\Program Files\Java\jdk-19!\jdk.compiler;C:\Program Files\Java\jdk-19!\jdk.crypto.cryptoki;C:\Program Files\Java\jdk-19!\jdk.crypto.ec;C:\Program Files\Java\jdk-19!\jdk.crypto.mscapi;C:\Program Files\Java\jdk-19!\jdk.dynalink;C:\Program Files\Java\jdk-19!\jdk.editpad;C:\Program Files\Java\jdk-19!\jdk.hotspot.agent;C:\Program Files\Java\jdk-19!\jdk.httpserver;C:\Program Files\Java\jdk-19!\jdk.incubator.concurrent;C:\Program Files\Java\jdk-19!\jdk.incubator.vector;C:\Program Files\Java\jdk-19!\jdk.internal.ed;C:\Program Files\Java\jdk-19!\jdk.internal.jvmstat;C:\Program Files\Java\jdk-19!\jdk.internal.le;C:\Program Files\Java\jdk-19!\jdk.internal.opt;C:\Program Files\Java\jdk-19!\jdk.internal.vm.ci;C:\Program Files\Java\jdk-19!\jdk.internal.vm.compiler;C:\Program Files\Java\jdk-19!\jdk.internal.vm.compiler.management;C:\Program Files\Java\jdk-19!\jdk.jartool;C:\Program Files\Java\jdk-19!\jdk.javadoc;C:\Program Files\Java\jdk-19!\jdk.jcmd;C:\Program Files\Java\jdk-19!\jdk.jconsole;C:\Program Files\Java\jdk-19!\jdk.jdeps;C:\Program Files\Java\jdk-19!\jdk.jdi;C:\Program Files\Java\jdk-19!\jdk.jdwp.agent;C:\Program Files\Java\jdk-19!\jdk.jfr;C:\Program Files\Java\jdk-19!\jdk.jlink;C:\Program Files\Java\jdk-19!\jdk.jpackage;C:\Program Files\Java\jdk-19!\jdk.jshell;C:\Program Files\Java\jdk-19!\jdk.jsobject;C:\Program Files\Java\jdk-19!\jdk.jstatd;C:\Program Files\Java\jdk-19!\jdk.localedata;C:\Program Files\Java\jdk-19!\jdk.management;C:\Program Files\Java\jdk-19!\jdk.management.agent;C:\Program Files\Java\jdk-19!\jdk.management.jfr;C:\Program Files\Java\jdk-19!\jdk.naming.dns;C:\Program Files\Java\jdk-19!\jdk.naming.rmi;C:\Program Files\Java\jdk-19!\jdk.net;C:\Program Files\Java\jdk-19!\jdk.nio.mapmode;C:\Program Files\Java\jdk-19!\jdk.random;C:\Program Files\Java\jdk-19!\jdk.sctp;C:\Program Files\Java\jdk-19!\jdk.security.auth;C:\Program Files\Java\jdk-19!\jdk.security.jgss;C:\Program Files\Java\jdk-19!\jdk.unsupported;C:\Program Files\Java\jdk-19!\jdk.unsupported.desktop;C:\Program Files\Java\jdk-19!\jdk.xml.dom;C:\Program Files\Java\jdk-19!\jdk.zipfs;C:\Users\mmete\IdeaProjects\exampleBeymen\target\test-classes;C:\Users\mmete\.m2\repository\com\thoughtworks\gauge\gauge-java\0.9.1\gauge-java-0.9.1.jar;C:\Users\mmete\.m2\repository\org\assertj\assertj-core\3.22.0\assertj-core-3.22.0.jar;C:\Users\mmete\.m2\repository\org\reflections\reflections\0.10.2\reflections-0.10.2.jar;C:\Users\mmete\.m2\repository\org\javassist\javassist\3.28.0-GA\javassist-3.28.0-GA.jar;C:\Users\mmete\.m2\repository\com\google\code\findbugs\jsr305\3.0.2\jsr305-3.0.2.jar;C:\Users\mmete\.m2\repository\com\github\javaparser\javaparser-core\3.16.3\javaparser-core-3.16.3.jar;C:\Users\mmete\.m2\repository\commons-io\commons-io\2.11.0\commons-io-2.11.0.jar;C:\Users\mmete\.m2\repository\commons-lang\commons-lang\2.6\commons-lang-2.6.jar;C:\Users\mmete\.m2\repository\org\json\json\20220320\json-20220320.jar;C:\Users\mmete\.m2\repository\com\google\protobuf\protobuf-java\3.19.4\protobuf-java-3.19.4.jar;C:\Users\mmete\.m2\repository\com\google\guava\guava\31.0.1-jre\guava-31.0.1-jre.jar;C:\Users\mmete\.m2\repository\com\google\guava\failureaccess\1.0.1\failureaccess-1.0.1.jar;C:\Users\mmete\.m2\repository\com\google\guava\listenablefuture\9999.0-empty-to-avoid-conflict-with-guava\listenablefuture-9999.0-empty-to-avoid-conflict-with-guava.jar;C:\Users\mmete\.m2\repository\org\checkerframework\checker-qual\3.12.0\checker-qual-3.12.0.jar;C:\Users\mmete\.m2\repository\com\google\errorprone\error_prone_annotations\2.7.1\error_prone_annotations-2.7.1.jar;C:\Users\mmete\.m2\repository\com\google\j2objc\j2objc-annotations\1.3\j2objc-annotations-1.3.jar;C:\Users\mmete\.m2\repository\io\grpc\grpc-netty-shaded\1.41.2\grpc-netty-shaded-1.41.2.jar;C:\Users\mmete\.m2\repository\io\perfmark\perfmark-api\0.23.0\perfmark-api-0.23.0.jar;C:\Users\mmete\.m2\repository\io\grpc\grpc-core\1.41.2\grpc-core-1.41.2.jar;C:\Users\mmete\.m2\repository\com\google\android\annotations\4.1.1.4\annotations-4.1.1.4.jar;C:\Users\mmete\.m2\repository\org\codehaus\mojo\animal-sniffer-annotations\1.19\animal-sniffer-annotations-1.19.jar;C:\Users\mmete\.m2\repository\io\grpc\grpc-protobuf\1.41.2\grpc-protobuf-1.41.2.jar;C:\Users\mmete\.m2\repository\io\grpc\grpc-api\1.41.2\grpc-api-1.41.2.jar;C:\Users\mmete\.m2\repository\io\grpc\grpc-context\1.41.2\grpc-context-1.41.2.jar;C:\Users\mmete\.m2\repository\com\google\api\grpc\proto-google-common-protos\2.0.1\proto-google-common-protos-2.0.1.jar;C:\Users\mmete\.m2\repository\io\grpc\grpc-protobuf-lite\1.41.2\grpc-protobuf-lite-1.41.2.jar;C:\Users\mmete\.m2\repository\io\grpc\grpc-stub\1.41.2\grpc-stub-1.41.2.jar;C:\Users\mmete\.m2\repository\javax\annotation\javax.annotation-api\1.3.2\javax.annotation-api-1.3.2.jar;C:\Users\mmete\.m2\repository\org\seleniumhq\selenium\selenium-java\4.7.1\selenium-java-4.7.1.jar;C:\Users\mmete\.m2\repository\org\seleniumhq\selenium\selenium-api\4.7.1\selenium-api-4.7.1.jar;C:\Users\mmete\.m2\repository\org\seleniumhq\selenium\selenium-chrome-driver\4.7.1\selenium-chrome-driver-4.7.1.jar;C:\Users\mmete\.m2\repository\com\google\auto\service\auto-service-annotations\1.0.1\auto-service-annotations-1.0.1.jar;C:\Users\mmete\.m2\repository\com\google\auto\service\auto-service\1.0.1\auto-service-1.0.1.jar;C:\Users\mmete\.m2\repository\com\google\auto\auto-common\1.2\auto-common-1.2.jar;C:\Users\mmete\.m2\repository\org\seleniumhq\selenium\selenium-chromium-driver\4.7.1\selenium-chromium-driver-4.7.1.jar;C:\Users\mmete\.m2\repository\org\seleniumhq\selenium\selenium-json\4.7.1\selenium-json-4.7.1.jar;C:\Users\mmete\.m2\repository\org\seleniumhq\selenium\selenium-devtools-v106\4.7.1\selenium-devtools-v106-4.7.1.jar;C:\Users\mmete\.m2\repository\org\seleniumhq\selenium\selenium-devtools-v107\4.7.1\selenium-devtools-v107-4.7.1.jar;C:\Users\mmete\.m2\repository\org\seleniumhq\selenium\selenium-devtools-v108\4.7.1\selenium-devtools-v108-4.7.1.jar;C:\Users\mmete\.m2\repository\org\seleniumhq\selenium\selenium-devtools-v85\4.7.1\selenium-devtools-v85-4.7.1.jar;C:\Users\mmete\.m2\repository\org\seleniumhq\selenium\selenium-edge-driver\4.7.1\selenium-edge-driver-4.7.1.jar;C:\Users\mmete\.m2\repository\org\seleniumhq\selenium\selenium-firefox-driver\4.7.1\selenium-firefox-driver-4.7.1.jar;C:\Users\mmete\.m2\repository\org\seleniumhq\selenium\selenium-http\4.7.1\selenium-http-4.7.1.jar;C:\Users\mmete\.m2\repository\dev\failsafe\failsafe\3.3.0\failsafe-3.3.0.jar;C:\Users\mmete\.m2\repository\org\seleniumhq\selenium\selenium-ie-driver\4.7.1\selenium-ie-driver-4.7.1.jar;C:\Users\mmete\.m2\repository\org\seleniumhq\selenium\selenium-remote-driver\4.7.1\selenium-remote-driver-4.7.1.jar;C:\Users\mmete\.m2\repository\io\netty\netty-buffer\4.1.84.Final\netty-buffer-4.1.84.Final.jar;C:\Users\mmete\.m2\repository\io\netty\netty-codec-http\4.1.84.Final\netty-codec-http-4.1.84.Final.jar;C:\Users\mmete\.m2\repository\io\netty\netty-codec\4.1.84.Final\netty-codec-4.1.84.Final.jar;C:\Users\mmete\.m2\repository\io\netty\netty-handler\4.1.84.Final\netty-handler-4.1.84.Final.jar;C:\Users\mmete\.m2\repository\io\netty\netty-common\4.1.84.Final\netty-common-4.1.84.Final.jar;C:\Users\mmete\.m2\repository\io\netty\netty-transport-classes-epoll\4.1.84.Final\netty-transport-classes-epoll-4.1.84.Final.jar;C:\Users\mmete\.m2\repository\io\netty\netty-transport-classes-kqueue\4.1.84.Final\netty-transport-classes-kqueue-4.1.84.Final.jar;C:\Users\mmete\.m2\repository\io\netty\netty-transport-native-epoll\4.1.84.Final\netty-transport-native-epoll-4.1.84.Final.jar;C:\Users\mmete\.m2\repository\io\netty\netty-transport-native-kqueue\4.1.84.Final\netty-transport-native-kqueue-4.1.84.Final.jar;C:\Users\mmete\.m2\repository\io\netty\netty-transport-native-unix-common\4.1.84.Final\netty-transport-native-unix-common-4.1.84.Final.jar;C:\Users\mmete\.m2\repository\io\netty\netty-transport\4.1.84.Final\netty-transport-4.1.84.Final.jar;C:\Users\mmete\.m2\repository\io\netty\netty-resolver\4.1.84.Final\netty-resolver-4.1.84.Final.jar;C:\Users\mmete\.m2\repository\io\opentelemetry\opentelemetry-api\1.19.0\opentelemetry-api-1.19.0.jar;C:\Users\mmete\.m2\repository\io\opentelemetry\opentelemetry-context\1.19.0\opentelemetry-context-1.19.0.jar;C:\Users\mmete\.m2\repository\io\opentelemetry\opentelemetry-exporter-logging\1.19.0\opentelemetry-exporter-logging-1.19.0.jar;C:\Users\mmete\.m2\repository\io\opentelemetry\opentelemetry-sdk-metrics\1.19.0\opentelemetry-sdk-metrics-1.19.0.jar;C:\Users\mmete\.m2\repository\io\opentelemetry\opentelemetry-sdk-logs\1.19.0-alpha\opentelemetry-sdk-logs-1.19.0-alpha.jar;C:\Users\mmete\.m2\repository\io\opentelemetry\opentelemetry-api-logs\1.19.0-alpha\opentelemetry-api-logs-1.19.0-alpha.jar;C:\Users\mmete\.m2\repository\io\opentelemetry\opentelemetry-sdk-common\1.19.0\opentelemetry-sdk-common-1.19.0.jar;C:\Users\mmete\.m2\repository\io\opentelemetry\opentelemetry-sdk-extension-autoconfigure-spi\1.19.0\opentelemetry-sdk-extension-autoconfigure-spi-1.19.0.jar;C:\Users\mmete\.m2\repository\io\opentelemetry\opentelemetry-sdk-extension-autoconfigure\1.19.0-alpha\opentelemetry-sdk-extension-autoconfigure-1.19.0-alpha.jar;C:\Users\mmete\.m2\repository\io\opentelemetry\opentelemetry-exporter-common\1.19.0\opentelemetry-exporter-common-1.19.0.jar;C:\Users\mmete\.m2\repository\io\opentelemetry\opentelemetry-sdk-trace\1.19.0\opentelemetry-sdk-trace-1.19.0.jar;C:\Users\mmete\.m2\repository\io\opentelemetry\opentelemetry-sdk\1.19.0\opentelemetry-sdk-1.19.0.jar;C:\Users\mmete\.m2\repository\io\opentelemetry\opentelemetry-semconv\1.19.0-alpha\opentelemetry-semconv-1.19.0-alpha.jar;C:\Users\mmete\.m2\repository\io\ous\jtoml\2.0.0\jtoml-2.0.0.jar;C:\Users\mmete\.m2\repository\net\bytebuddy\byte-buddy\1.12.18\byte-buddy-1.12.18.jar;C:\Users\mmete\.m2\repository\org\apache\commons\commons-exec\1.3\commons-exec-1.3.jar;C:\Users\mmete\.m2\repository\org\asynchttpclient\async-http-client\2.12.3\async-http-client-2.12.3.jar;C:\Users\mmete\.m2\repository\org\asynchttpclient\async-http-client-netty-utils\2.12.3\async-http-client-netty-utils-2.12.3.jar;C:\Users\mmete\.m2\repository\io\netty\netty-codec-socks\4.1.60.Final\netty-codec-socks-4.1.60.Final.jar;C:\Users\mmete\.m2\repository\io\netty\netty-handler-proxy\4.1.60.Final\netty-handler-proxy-4.1.60.Final.jar;C:\Users\mmete\.m2\repository\io\netty\netty-transport-native-epoll\4.1.60.Final\netty-transport-native-epoll-4.1.60.Final-linux-x86_64.jar;C:\Users\mmete\.m2\repository\io\netty\netty-transport-native-kqueue\4.1.60.Final\netty-transport-native-kqueue-4.1.60.Final-osx-x86_64.jar;C:\Users\mmete\.m2\repository\org\reactivestreams\reactive-streams\1.0.3\reactive-streams-1.0.3.jar;C:\Users\mmete\.m2\repository\com\typesafe\netty\netty-reactive-streams\2.0.4\netty-reactive-streams-2.0.4.jar;C:\Users\mmete\.m2\repository\com\sun\activation\jakarta.activation\1.2.2\jakarta.activation-1.2.2.jar;C:\Users\mmete\.m2\repository\org\seleniumhq\selenium\selenium-manager\4.7.1\selenium-manager-4.7.1.jar;C:\Users\mmete\.m2\repository\org\seleniumhq\selenium\selenium-safari-driver\4.7.1\selenium-safari-driver-4.7.1.jar;C:\Users\mmete\.m2\repository\org\seleniumhq\selenium\selenium-support\4.7.1\selenium-support-4.7.1.jar;C:\Users\mmete\.m2\repository\io\github\bonigarcia\webdrivermanager\5.3.1\webdrivermanager-5.3.1.jar;C:\Users\mmete\.m2\repository\org\slf4j\slf4j-api\2.0.3\slf4j-api-2.0.3.jar;C:\Users\mmete\.m2\repository\com\google\code\gson\gson\2.10\gson-2.10.jar;C:\Users\mmete\.m2\repository\com\github\docker-java\docker-java\3.2.13\docker-java-3.2.13.jar;C:\Users\mmete\.m2\repository\com\github\docker-java\docker-java-core\3.2.13\docker-java-core-3.2.13.jar;C:\Users\mmete\.m2\repository\com\github\docker-java\docker-java-api\3.2.13\docker-java-api-3.2.13.jar;C:\Users\mmete\.m2\repository\com\fasterxml\jackson\core\jackson-annotations\2.10.3\jackson-annotations-2.10.3.jar;C:\Users\mmete\.m2\repository\org\apache\commons\commons-compress\1.21\commons-compress-1.21.jar;C:\Users\mmete\.m2\repository\com\fasterxml\jackson\core\jackson-databind\2.10.3\jackson-databind-2.10.3.jar;C:\Users\mmete\.m2\repository\com\fasterxml\jackson\core\jackson-core\2.10.3\jackson-core-2.10.3.jar;C:\Users\mmete\.m2\repository\org\bouncycastle\bcpkix-jdk15on\1.64\bcpkix-jdk15on-1.64.jar;C:\Users\mmete\.m2\repository\org\bouncycastle\bcprov-jdk15on\1.64\bcprov-jdk15on-1.64.jar;C:\Users\mmete\.m2\repository\org\slf4j\jcl-over-slf4j\1.7.30\jcl-over-slf4j-1.7.30.jar;C:\Users\mmete\.m2\repository\com\github\docker-java\docker-java-transport-httpclient5\3.2.13\docker-java-transport-httpclient5-3.2.13.jar;C:\Users\mmete\.m2\repository\com\github\docker-java\docker-java-transport\3.2.13\docker-java-transport-3.2.13.jar;C:\Users\mmete\.m2\repository\net\java\dev\jna\jna\5.8.0\jna-5.8.0.jar;C:\Users\mmete\.m2\repository\org\brotli\dec\0.1.2\dec-0.1.2.jar;C:\Users\mmete\.m2\repository\org\apache\commons\commons-lang3\3.12.0\commons-lang3-3.12.0.jar;C:\Users\mmete\.m2\repository\org\apache\httpcomponents\client5\httpclient5\5.1.3\httpclient5-5.1.3.jar;C:\Users\mmete\.m2\repository\org\apache\httpcomponents\core5\httpcore5\5.1.3\httpcore5-5.1.3.jar;C:\Users\mmete\.m2\repository\org\apache\httpcomponents\core5\httpcore5-h2\5.1.3\httpcore5-h2-5.1.3.jar;C:\Users\mmete\.m2\repository\commons-codec\commons-codec\1.15\commons-codec-1.15.jar;C:\Users\mmete\.m2\repository\org\testng\testng\7.7.0\testng-7.7.0.jar;C:\Users\mmete\.m2\repository\com\beust\jcommander\1.82\jcommander-1.82.jar;C:\Users\mmete\.m2\repository\org\webjars\jquery\3.6.1\jquery-3.6.1.jar
14-12-2022 21:06:02.871 [java] [DEBUG] found java executable in java.exe
14-12-2022 21:06:02.871 [java] [DEBUG] running - java.exe [-Dfile.encoding=UTF-8 com.thoughtworks.gauge.GaugeRuntime --start]
14-12-2022 21:06:02.871 [java] [DEBUG] stdout/stderr is logged to logs\5844-java.exe.out
14-12-2022 21:06:03.014 [java] [DEBUG] multithreading is set to false
14-12-2022 21:06:03.195 [java] [DEBUG] Using reflection to scan dependencies for gauge implementations...
14-12-2022 21:06:03.250 [java] [ERROR] SLF4J: No SLF4J providers were found.
14-12-2022 21:06:03.250 [java] [ERROR] SLF4J: Defaulting to no-operation (NOP) logger implementation
14-12-2022 21:06:03.250 [java] [ERROR] SLF4J: See https://www.slf4j.org/codes.html#noProviders for further details.
14-12-2022 21:06:03.309 [Gauge] [DEBUG] Checking updates...
14-12-2022 21:06:03.310 [Gauge] [DEBUG] Downloading https://downloads.gauge.org/plugin/html-report?l=java&p=html-report,java,screenshot,spectacle&o=windows&a=amd64
14-12-2022 21:06:03.652 [Gauge] [DEBUG] Downloading https://downloads.gauge.org/plugin/java?l=java&p=html-report,java,screenshot,spectacle&o=windows&a=amd64
14-12-2022 21:06:03.751 [Gauge] [DEBUG] Downloading https://downloads.gauge.org/plugin/screenshot?l=java&p=html-report,java,screenshot,spectacle&o=windows&a=amd64
14-12-2022 21:06:03.820 [Gauge] [DEBUG] Downloading https://downloads.gauge.org/plugin/spectacle?l=java&p=html-report,java,screenshot,spectacle&o=windows&a=amd64
14-12-2022 21:06:03.921 [java] [DEBUG] gauge-java took 907milliseconds to load and scan. This should be less than 'runner_connection_timeout' config value.
14-12-2022 21:06:03.921 [java] [DEBUG] run 'gauge config runner_connection_timeout' and verify that it is < 907
14-12-2022 21:06:03.921 [java] [DEBUG] starting gRPC server...
14-12-2022 21:06:04.010 [java] [DEBUG] started gRPC server on port 51510
14-12-2022 21:06:04.011 [Gauge] [DEBUG] Attempting to connect to grpc server at port: 51510
14-12-2022 21:06:04.077 [Gauge] [DEBUG] Successfully made the connection with runner with port: 51510
14-12-2022 21:06:04.077 [Gauge] [DEBUG] Validation started.
14-12-2022 21:06:04.527 [java] [DEBUG] Scanning packages for steps
14-12-2022 21:06:04.532 [java] [DEBUG] Comparing 'StepImp.StepImplementation.implementation10' and 'StepImp.StepImplementation.implementation10'
14-12-2022 21:06:04.532 [java] [DEBUG] Found Product is selected in current project scope.
14-12-2022 21:06:04.532 [java] [DEBUG] Comparing 'StepImp.StepImplementation.implementation11' and 'StepImp.StepImplementation.implementation11'
14-12-2022 21:06:04.533 [java] [DEBUG] Found Add to cart text is checked in current project scope.
14-12-2022 21:06:04.533 [java] [DEBUG] Comparing 'StepImp.StepImplementation.implementation2' and 'StepImp.StepImplementation.implementation2'
14-12-2022 21:06:04.533 [java] [DEBUG] Found Navigate to Beymen in current project scope.
14-12-2022 21:06:04.533 [java] [DEBUG] Comparing 'StepImp.StepImplementation.implementation12' and 'StepImp.StepImplementation.implementation12'
14-12-2022 21:06:04.533 [java] [DEBUG] Found Click on favorites in current project scope.
14-12-2022 21:06:04.533 [java] [DEBUG] Comparing 'StepImp.StepImplementation.implementation1' and 'StepImp.StepImplementation.implementation1'
14-12-2022 21:06:04.533 [java] [DEBUG] Found Navigate to Browser in current project scope.
14-12-2022 21:06:04.533 [java] [DEBUG] Comparing 'StepImp.StepImplementation.implementation13' and 'StepImp.StepImplementation.implementation13'
14-12-2022 21:06:04.533 [java] [DEBUG] Found It is checked that the user login screen appears. in current project scope.
14-12-2022 21:06:04.533 [java] [DEBUG] Comparing 'StepImp.StepImplementation.implementation8' and 'StepImp.StepImplementation.implementation8'
14-12-2022 21:06:04.533 [java] [DEBUG] Found Pants are selected in current project scope.
14-12-2022 21:06:04.533 [java] [DEBUG] Comparing 'StepImp.StepImplementation.implementation7' and 'StepImp.StepImplementation.implementation7'
14-12-2022 21:06:04.533 [java] [DEBUG] Found Click on the product type in current project scope.
14-12-2022 21:06:04.533 [java] [DEBUG] Comparing 'StepImp.StepImplementation.implementation9' and 'StepImp.StepImplementation.implementation9'
14-12-2022 21:06:04.533 [java] [DEBUG] Found Products are listed in current project scope.
14-12-2022 21:06:04.533 [java] [DEBUG] Comparing 'StepImp.StepImplementation.implementation4' and 'StepImp.StepImplementation.implementation4'
14-12-2022 21:06:04.533 [java] [DEBUG] Found Click the search button in current project scope.
14-12-2022 21:06:04.533 [java] [DEBUG] Comparing 'StepImp.StepImplementation.implementation6' and 'StepImp.StepImplementation.implementation6'
14-12-2022 21:06:04.533 [java] [DEBUG] Found Click on the Filter button in current project scope.
14-12-2022 21:06:04.533 [java] [DEBUG] Comparing 'StepImp.StepImplementation.implementation5' and 'StepImp.StepImplementation.implementation5'
14-12-2022 21:06:04.533 [java] [DEBUG] Found Type pantolon in the search button and enter in current project scope.
14-12-2022 21:06:04.533 [java] [DEBUG] Scanning packages for hooks
14-12-2022 21:06:04.536 [java] [DEBUG] Scanned steps (using static parsing + reflections): 
14-12-2022 21:06:04.536 [java] [DEBUG] 	Click on favorites : public void implementation12()
14-12-2022 21:06:04.536 [java] [DEBUG] 	Navigate to Browser : public void implementation1()
14-12-2022 21:06:04.536 [java] [DEBUG] 	Click on the product type : public void implementation7()
14-12-2022 21:06:04.536 [java] [DEBUG] 	Pants are selected : public void implementation8()
14-12-2022 21:06:04.536 [java] [DEBUG] 	It is checked that the user login screen appears. : public void implementation13()
14-12-2022 21:06:04.536 [java] [DEBUG] 	Navigate to Beymen : public void implementation2()
14-12-2022 21:06:04.536 [java] [DEBUG] 	Type pantolon in the search button and enter : public void implementation5()
14-12-2022 21:06:04.536 [java] [DEBUG] 	Product is selected : public void implementation10()
14-12-2022 21:06:04.536 [java] [DEBUG] 	Add to cart text is checked : public void implementation11()
14-12-2022 21:06:04.536 [java] [DEBUG] 	Click the search button : public void implementation4() throws InterruptedException
14-12-2022 21:06:04.536 [java] [DEBUG] 	Click on the Filter button : public void implementation6()
14-12-2022 21:06:04.536 [java] [DEBUG] 	Products are listed : public void implementation9()
14-12-2022 21:06:04.953 [Gauge] [DEBUG] Validation completed.
14-12-2022 21:06:04.953 [Gauge] [DEBUG] Run started
14-12-2022 21:06:04.954 [Gauge] [DEBUG] Starting Html Report plugin
14-12-2022 21:06:04.965 [html-report] [DEBUG] Setting MaxRecvMsgSize = 1024 MB
14-12-2022 21:06:04.965 [Gauge] [DEBUG] Attempting to connect to grpc server at port: 51513
14-12-2022 21:06:04.966 [Gauge] [DEBUG] Successfully made the connection with plugin with port: 51513
14-12-2022 21:06:04.966 [Gauge] [DEBUG] Initialising suite data store.
14-12-2022 21:06:04.990 [java] [DEBUG] Executing 'Navigate to Browser' using 'class StepImp.StepImplementation.implementation1
14-12-2022 21:06:05.395 [java] [ERROR] Starting ChromeDriver 108.0.5359.71 (1e0e3868ee06e91ad636a874420e3ca3ae3756ac-refs/branch-heads/5359@{#1016}) on port 44795
14-12-2022 21:06:05.395 [java] [ERROR] Only local connections are allowed.
14-12-2022 21:06:05.395 [java] [ERROR] Please see https://chromedriver.chromium.org/security-considerations for suggestions on keeping ChromeDriver safe.
14-12-2022 21:06:05.398 [java] [ERROR] ChromeDriver was started successfully.
14-12-2022 21:06:06.239 [java] [DEBUG] Executing 'Navigate to Beymen' using 'class StepImp.StepImplementation.implementation2
14-12-2022 21:06:07.379 [java] [DEBUG] Executing 'Click the search button' using 'class StepImp.StepImplementation.implementation4
14-12-2022 21:06:09.831 [java] [DEBUG] Executing 'Type pantolon in the search button and enter' using 'class StepImp.StepImplementation.implementation5
14-12-2022 21:06:09.883 [java] [DEBUG] Executing 'Click on the Filter button' using 'class StepImp.StepImplementation.implementation6
14-12-2022 21:06:25.380 [java] [DEBUG] Executing 'Click on the product type' using 'class StepImp.StepImplementation.implementation7
14-12-2022 21:06:25.431 [java] [DEBUG] Executing 'Pants are selected' using 'class StepImp.StepImplementation.implementation8
14-12-2022 21:06:25.516 [java] [DEBUG] Executing 'Products are listed' using 'class StepImp.StepImplementation.implementation9
14-12-2022 21:06:25.519 [java] [DEBUG] Executing 'Product is selected' using 'class StepImp.StepImplementation.implementation10
14-12-2022 21:06:25.522 [java] [DEBUG] Executing 'Add to cart text is checked' using 'class StepImp.StepImplementation.implementation11
14-12-2022 21:06:25.525 [java] [DEBUG] Executing 'Click on favorites' using 'class StepImp.StepImplementation.implementation12
14-12-2022 21:06:25.527 [java] [DEBUG] Executing 'It is checked that the user login screen appears.' using 'class StepImp.StepImplementation.implementation13
14-12-2022 21:06:25.533 [html-report] [DEBUG] Transformed SuiteResult to report structure
14-12-2022 21:06:25.545 [html-report] [INFO] Successfully generated html-report to => C:\Users\mmete\IdeaProjects\exampleBeymen\reports\html-report\index.html
14-12-2022 21:06:25.545 [html-report] [DEBUG] Done generating HTML report using theme from C:\Users\mmete\AppData\Roaming\gauge\plugins\html-report\4.2.0\themes\default
14-12-2022 21:06:25.545 [Gauge] [DEBUG] Sending kill message to Html Report plugin.
14-12-2022 21:06:25.547 [java] [DEBUG] Killing Java runner...
14-12-2022 21:06:25.547 [java] [DEBUG] Stopping execution pool...
14-12-2022 21:06:25.547 [java] [DEBUG] Shutting down grpc server...
14-12-2022 21:06:25.551 [java] [DEBUG] Runner killed gracefully.
14-12-2022 21:06:26.104 [Gauge] [DEBUG] Runner with PID:5844 has exited
14-12-2022 21:06:26.104 [Gauge] [INFO] Specifications:	1 executed	1 passed	0 failed	0 skipped
14-12-2022 21:06:26.104 [Gauge] [INFO] Scenarios:	1 executed	1 passed	0 failed	0 skipped
14-12-2022 21:06:26.104 [Gauge] [INFO] 
Total time taken: 20.578s
